<?xml version="1.0" encoding="UTF-8"?>
<testsuite xmlns:xsi="http://www.w3.org/2001/XMLSchema-instance" xsi:noNamespaceSchemaLocation="https://maven.apache.org/surefire/maven-surefire-plugin/xsd/surefire-test-report-3.0.xsd" version="3.0" name="com.supersection.CarRentalSystemTest" time="1.557" tests="6" errors="0" skipped="0" failures="0">
  <properties>
    <property name="java.specification.version" value="21"/>
    <property name="sun.cpu.isalist" value="amd64"/>
    <property name="sun.jnu.encoding" value="UTF-8"/>
    <property name="java.class.path" value="D:\JAVA\Java-CarRentalSystem-Project\target\test-classes;D:\JAVA\Java-CarRentalSystem-Project\target\classes;C:\Users\soumo\.m2\repository\org\apache\commons\commons-lang3\3.12.0\commons-lang3-3.12.0.jar;C:\Users\soumo\.m2\repository\org\junit\jupiter\junit-jupiter-api\5.10.0\junit-jupiter-api-5.10.0.jar;C:\Users\soumo\.m2\repository\org\opentest4j\opentest4j\1.3.0\opentest4j-1.3.0.jar;C:\Users\soumo\.m2\repository\org\junit\platform\junit-platform-commons\1.10.0\junit-platform-commons-1.10.0.jar;C:\Users\soumo\.m2\repository\org\apiguardian\apiguardian-api\1.1.2\apiguardian-api-1.1.2.jar;C:\Users\soumo\.m2\repository\org\junit\jupiter\junit-jupiter-engine\5.10.0\junit-jupiter-engine-5.10.0.jar;C:\Users\soumo\.m2\repository\org\junit\platform\junit-platform-engine\1.10.0\junit-platform-engine-1.10.0.jar;C:\Users\soumo\.m2\repository\org\mockito\mockito-core\5.8.0\mockito-core-5.8.0.jar;C:\Users\soumo\.m2\repository\net\bytebuddy\byte-buddy\1.14.10\byte-buddy-1.14.10.jar;C:\Users\soumo\.m2\repository\net\bytebuddy\byte-buddy-agent\1.14.10\byte-buddy-agent-1.14.10.jar;C:\Users\soumo\.m2\repository\org\objenesis\objenesis\3.3\objenesis-3.3.jar;C:\Users\soumo\.m2\repository\org\mockito\mockito-junit-jupiter\5.8.0\mockito-junit-jupiter-5.8.0.jar;C:\Users\soumo\.m2\repository\org\apache\maven\surefire\surefire-junit-platform\3.1.2\surefire-junit-platform-3.1.2.jar;C:\Users\soumo\.m2\repository\org\apache\maven\surefire\common-java5\3.1.2\common-java5-3.1.2.jar;C:\Users\soumo\.m2\repository\org\apache\maven\surefire\surefire-shared-utils\3.1.2\surefire-shared-utils-3.1.2.jar;C:\Users\soumo\.m2\repository\org\junit\platform\junit-platform-launcher\1.9.2\junit-platform-launcher-1.9.2.jar;C:\Users\soumo\.m2\repository\org\apache\maven\surefire\surefire-api\3.1.2\surefire-api-3.1.2.jar;C:\Users\soumo\.m2\repository\org\apache\maven\surefire\surefire-logger-api\3.1.2\surefire-logger-api-3.1.2.jar;"/>
    <property name="java.vm.vendor" value="Oracle Corporation"/>
    <property name="sun.arch.data.model" value="64"/>
    <property name="user.variant" value=""/>
    <property name="java.vendor.url" value="https://java.oracle.com/"/>
    <property name="user.timezone" value="Asia/Calcutta"/>
    <property name="os.name" value="Windows 11"/>
    <property name="java.vm.specification.version" value="21"/>
    <property name="sun.java.launcher" value="SUN_STANDARD"/>
    <property name="user.country" value="IN"/>
    <property name="sun.boot.library.path" value="C:\Program Files\Java\jdk-21\bin"/>
    <property name="sun.java.command" value="C:\Users\soumo\AppData\Local\Temp\surefire12746005806980399030\surefirebooter-20250324133948938_3.jar C:\Users\soumo\AppData\Local\Temp\surefire12746005806980399030 2025-03-24T13-39-48_800-jvmRun1 surefire-20250324133948938_1tmp surefire_0-20250324133948938_2tmp"/>
    <property name="jdk.debug" value="release"/>
    <property name="surefire.test.class.path" value="D:\JAVA\Java-CarRentalSystem-Project\target\test-classes;D:\JAVA\Java-CarRentalSystem-Project\target\classes;C:\Users\soumo\.m2\repository\org\apache\commons\commons-lang3\3.12.0\commons-lang3-3.12.0.jar;C:\Users\soumo\.m2\repository\org\junit\jupiter\junit-jupiter-api\5.10.0\junit-jupiter-api-5.10.0.jar;C:\Users\soumo\.m2\repository\org\opentest4j\opentest4j\1.3.0\opentest4j-1.3.0.jar;C:\Users\soumo\.m2\repository\org\junit\platform\junit-platform-commons\1.10.0\junit-platform-commons-1.10.0.jar;C:\Users\soumo\.m2\repository\org\apiguardian\apiguardian-api\1.1.2\apiguardian-api-1.1.2.jar;C:\Users\soumo\.m2\repository\org\junit\jupiter\junit-jupiter-engine\5.10.0\junit-jupiter-engine-5.10.0.jar;C:\Users\soumo\.m2\repository\org\junit\platform\junit-platform-engine\1.10.0\junit-platform-engine-1.10.0.jar;C:\Users\soumo\.m2\repository\org\mockito\mockito-core\5.8.0\mockito-core-5.8.0.jar;C:\Users\soumo\.m2\repository\net\bytebuddy\byte-buddy\1.14.10\byte-buddy-1.14.10.jar;C:\Users\soumo\.m2\repository\net\bytebuddy\byte-buddy-agent\1.14.10\byte-buddy-agent-1.14.10.jar;C:\Users\soumo\.m2\repository\org\objenesis\objenesis\3.3\objenesis-3.3.jar;C:\Users\soumo\.m2\repository\org\mockito\mockito-junit-jupiter\5.8.0\mockito-junit-jupiter-5.8.0.jar;C:\Users\soumo\.m2\repository\org\apache\maven\surefire\surefire-junit-platform\3.1.2\surefire-junit-platform-3.1.2.jar;C:\Users\soumo\.m2\repository\org\apache\maven\surefire\common-java5\3.1.2\common-java5-3.1.2.jar;C:\Users\soumo\.m2\repository\org\apache\maven\surefire\surefire-shared-utils\3.1.2\surefire-shared-utils-3.1.2.jar;C:\Users\soumo\.m2\repository\org\junit\platform\junit-platform-launcher\1.9.2\junit-platform-launcher-1.9.2.jar;C:\Users\soumo\.m2\repository\org\apache\maven\surefire\surefire-api\3.1.2\surefire-api-3.1.2.jar;C:\Users\soumo\.m2\repository\org\apache\maven\surefire\surefire-logger-api\3.1.2\surefire-logger-api-3.1.2.jar;"/>
    <property name="sun.cpu.endian" value="little"/>
    <property name="user.home" value="C:\Users\soumo"/>
    <property name="user.language" value="en"/>
    <property name="java.specification.vendor" value="Oracle Corporation"/>
    <property name="java.version.date" value="2023-09-19"/>
    <property name="java.home" value="C:\Program Files\Java\jdk-21"/>
    <property name="file.separator" value="\"/>
    <property name="basedir" value="D:\JAVA\Java-CarRentalSystem-Project"/>
    <property name="java.vm.compressedOopsMode" value="Zero based"/>
    <property name="line.separator" value="&#10;"/>
    <property name="java.vm.specification.vendor" value="Oracle Corporation"/>
    <property name="java.specification.name" value="Java Platform API Specification"/>
    <property name="surefire.real.class.path" value="C:\Users\soumo\AppData\Local\Temp\surefire12746005806980399030\surefirebooter-20250324133948938_3.jar"/>
    <property name="user.script" value=""/>
    <property name="sun.management.compiler" value="HotSpot 64-Bit Tiered Compilers"/>
    <property name="java.runtime.version" value="21+35-LTS-2513"/>
    <property name="user.name" value="soumo"/>
    <property name="stdout.encoding" value="UTF-8"/>
    <property name="path.separator" value=";"/>
    <property name="os.version" value="10.0"/>
    <property name="java.runtime.name" value="Java(TM) SE Runtime Environment"/>
    <property name="file.encoding" value="UTF-8"/>
    <property name="java.vm.name" value="Java HotSpot(TM) 64-Bit Server VM"/>
    <property name="localRepository" value="C:\Users\soumo\.m2\repository"/>
    <property name="java.vendor.url.bug" value="https://bugreport.java.com/bugreport/"/>
    <property name="java.io.tmpdir" value="C:\Users\soumo\AppData\Local\Temp\"/>
    <property name="java.version" value="21"/>
    <property name="user.dir" value="D:\JAVA\Java-CarRentalSystem-Project"/>
    <property name="os.arch" value="amd64"/>
    <property name="java.vm.specification.name" value="Java Virtual Machine Specification"/>
    <property name="sun.os.patch.level" value=""/>
    <property name="native.encoding" value="UTF-8"/>
    <property name="java.library.path" value="C:\Program Files\Java\jdk-21\bin;C:\WINDOWS\Sun\Java\bin;C:\WINDOWS\system32;C:\WINDOWS;C:\Program Files\Common Files\Oracle\Java\javapath;C:\Windows\System32;C:\Windows;C:\Windows\System32\Wbem;C:\Windows\System32\WindowsPowerShell\v1.0\;C:\Windows\System32\OpenSSH\;C:\Program Files (x86)\NVIDIA Corporation\PhysX\Common;C:\ProgramData\chocolatey\bin;C:\Program Files\Java\jdk-21\bin;C:\Users\soumo\AppData\Local\Pub\Cache\bin;C:\WINDOWS\system32;C:\WINDOWS;C:\WINDOWS\System32\Wbem;C:\WINDOWS\System32\WindowsPowerShell\v1.0\;C:\WINDOWS\System32\OpenSSH\;C:\Program Files (x86)\psqlODBC\1500\bin;C:\Program Files\nodejs\;C:\PostgreSQL\15\bin;C:\Users\soumo\.fly\bin;D:\Development Files\Go\bin;C:\Program Files\Git\cmd;D:\go-workspace\bin;D:\Softwares\terraform\;E:\WSL\Ubuntu;C:\Users\soumo\AppData\Roaming\nvm;C:\Program Files\nodejs;C:\Program Files\Docker\Docker\resources\bin;C:\Program Files\NVIDIA Corporation\NVIDIA app\NvDLISR;C:\Python312\Scripts\;C:\Python312\;C:\Users\soumo\AppData\Local\Programs\Python\Python311\Scripts\;C:\Users\soumo\AppData\Local\Programs\Python\Python311\;C:\Users\soumo\.cargo\bin;C:\Users\soumo\AppData\Local\Microsoft\WindowsApps;C:\Users\soumo\AppData\Local\Programs\Microsoft VS Code\bin;C:\Program Files\JetBrains\IntelliJ IDEA Community Edition 2023.1.1\bin;C:\Android\flutter_windows_stable\flutter\bin;C:\Users\soumo\.dotnet\tools;C:\Users\soumo\AppData\Local\nvs\;C:\Users\soumo\AppData\Roaming\nvm;C:\Android\flutter_windows_stable\flutter\bin\cache\dart-sdk\bin;C:\Users\soumo\AppData\Local\Pub\Cache\bin;C:\Users\soumo\AppData\Local\JetBrains\Toolbox\scripts;C:\tools\dart-sdk\bin;C:\Users\soumo\AppData\Roaming\Pub\Cache\bin;C:\Program Files\nodejs;C:\Users\soumo\AppData\Local\Android\Sdk;C:\Users\soumo\AppData\Local\Android\Sdk\platform-tools;C:\Users\soumo\AppData\Local\Android\Sdk\emulator;C:\Users\soumo\AppData\Local\Android\Sdk\tools;C:\Users\soumo\AppData\Local\Android\Sdk\tools\bin;C:\Program Files\JetBrains\PyCharm Community Edition 2023.2.2\bin;C:\Users\soumo\AppData\Roaming\npm;C:\Program Files\Java\apache-maven-3.9.5\bin;C:\Users\soumo\.fly\bin;C:\Users\soumo\Development Files\Go\bin;C:\Users\soumo\IntelliJ IDEA 2024.3\bin;;C:\Users\soumo\AppData\Local\Microsoft\WindowsApps;C:\Users\soumo\AppData\Local\Programs\Ollama;C:\Users\soumo\AppData\Roaming\nvm;C:\Program Files\nodejs;c:\Users\soumo\AppData\Roaming\Code\User\globalStorage\github.copilot-chat\debugCommand;."/>
    <property name="java.vm.info" value="mixed mode, sharing"/>
    <property name="stderr.encoding" value="UTF-8"/>
    <property name="java.vendor" value="Oracle Corporation"/>
    <property name="java.vm.version" value="21+35-LTS-2513"/>
    <property name="sun.io.unicode.encoding" value="UnicodeLittle"/>
    <property name="java.class.version" value="65.0"/>
  </properties>
  <testcase name="testAddCustomer" classname="com.supersection.CarRentalSystemTest" time="1.468">
    <system-err><![CDATA[WARNING: A Java agent has been loaded dynamically (C:\Users\soumo\.m2\repository\net\bytebuddy\byte-buddy-agent\1.14.10\byte-buddy-agent-1.14.10.jar)
WARNING: If a serviceability tool is in use, please run with -XX:+EnableDynamicAgentLoading to hide this warning
WARNING: If a serviceability tool is not in use, please run with -Djdk.instrument.traceUsage for more information
WARNING: Dynamic loading of agents will be disallowed by default in a future release
]]></system-err>
  </testcase>
  <testcase name="testReturnCar_Success" classname="com.supersection.CarRentalSystemTest" time="0.013">
    <system-out><![CDATA[Rental ID: 9575IPX
Car returned successfully.
]]></system-out>
  </testcase>
  <testcase name="testReturnCar_Failure_InvalidRentalId" classname="com.supersection.CarRentalSystemTest" time="0.004">
    <system-out><![CDATA[Car was not rented.
]]></system-out>
  </testcase>
  <testcase name="testRentCar_Success" classname="com.supersection.CarRentalSystemTest" time="0.015">
    <system-out><![CDATA[Rental ID: 0468DTI
]]></system-out>
  </testcase>
  <testcase name="testAddCar" classname="com.supersection.CarRentalSystemTest" time="0.009"/>
  <testcase name="testRentCar_Failure_CarNotAvailable" classname="com.supersection.CarRentalSystemTest" time="0.006">
    <system-out><![CDATA[Car is not available for rent.
]]></system-out>
  </testcase>
</testsuite>